0 verbose cli /usr/bin/node /usr/bin/npm
1 info using npm@9.2.0
2 info using node@v22.22.1
3 timing npm:load:whichnode Completed in 1ms
4 timing config:load:defaults Completed in 1ms
5 timing config:load:file:/usr/share/nodejs/npm/npmrc Completed in 9ms
6 timing config:load:builtin Completed in 9ms
7 timing config:load:cli Completed in 3ms
8 timing config:load:env Completed in 0ms
9 timing config:load:file:/home/ubuntu/backend/.npmrc Completed in 0ms
10 timing config:load:project Completed in 11ms
11 timing config:load:file:/home/ubuntu/.npmrc Completed in 0ms
12 timing config:load:user Completed in 0ms
13 timing config:load:file:/etc/npmrc Completed in 1ms
14 timing config:load:global Completed in 1ms
15 timing config:load:setEnvs Completed in 1ms
16 timing config:load Completed in 29ms
17 timing npm:load:configload Completed in 29ms
18 timing npm:load:mkdirpcache Completed in 0ms
19 timing npm:load:mkdirplogs Completed in 1ms
20 verbose title npm install express cors dotenv helmet morgan
21 verbose argv "install" "express" "cors" "dotenv" "helmet" "morgan"
22 timing npm:load:setTitle Completed in 1ms
23 timing config:load:flatten Completed in 3ms
24 timing npm:load:display Completed in 3ms
25 verbose logfile logs-max:10 dir:/home/ubuntu/.npm/_logs/2026-07-22T10_29_24_789Z-
26 verbose logfile /home/ubuntu/.npm/_logs/2026-07-22T10_29_24_789Z-debug-0.log
27 timing npm:load:logFile Completed in 9ms
28 timing npm:load:timers Completed in 1ms
29 timing npm:load:configScope Completed in 0ms
30 timing npm:load Completed in 46ms
31 timing config:load:flatten Completed in 0ms
32 timing arborist:ctor Completed in 1ms
33 silly logfile done cleaning log files
34 timing idealTree:init Completed in 114ms
35 timing idealTree:userRequests Completed in 24ms
36 silly idealTree buildDeps
37 silly fetch manifest cors@^2.8.6
38 timing arborist:ctor Completed in 0ms
39 http fetch GET 200 https://registry.npmjs.org/cors 161ms (cache miss)
40 silly fetch manifest dotenv@^17.4.2
41 http fetch GET 200 https://registry.npmjs.org/dotenv 30ms (cache miss)
42 silly fetch manifest express@^5.2.1
43 http fetch GET 200 https://registry.npmjs.org/express 34ms (cache miss)
44 silly fetch manifest helmet@*
45 http fetch GET 200 https://registry.npmjs.org/helmet 25ms (cache miss)
46 silly fetch manifest morgan@*
47 http fetch GET 200 https://registry.npmjs.org/morgan 22ms (cache miss)
48 silly placeDep ROOT cors@2.8.6 REPLACE for: backend@1.0.0 want: ^2.8.6
49 silly placeDep ROOT dotenv@17.4.2 REPLACE for: backend@1.0.0 want: ^17.4.2
50 silly placeDep ROOT express@5.2.1 REPLACE for: backend@1.0.0 want: ^5.2.1
51 silly placeDep ROOT helmet@8.3.0 OK for: backend@1.0.0 want: *
52 silly placeDep ROOT morgan@1.11.0 OK for: backend@1.0.0 want: *
53 silly fetch manifest basic-auth@~2.0.1
54 silly fetch manifest debug@2.6.9
55 silly fetch manifest on-headers@~1.1.0
56 http fetch GET 200 https://registry.npmjs.org/basic-auth 24ms (cache miss)
57 http fetch GET 200 https://registry.npmjs.org/debug 32ms (cache miss)
58 http fetch GET 200 https://registry.npmjs.org/on-headers 33ms (cache miss)
59 timing idealTree:#root Completed in 339ms
60 timing idealTree:node_modules/cors Completed in 0ms
61 timing idealTree:node_modules/dotenv Completed in 0ms
62 timing idealTree:node_modules/express Completed in 0ms
63 timing idealTree:node_modules/helmet Completed in 1ms
64 silly placeDep ROOT basic-auth@2.0.1 OK for: morgan@1.11.0 want: ~2.0.1
65 silly placeDep node_modules/morgan debug@2.6.9 OK for: morgan@1.11.0 want: 2.6.9
66 silly placeDep ROOT on-headers@1.1.0 OK for: morgan@1.11.0 want: ~1.1.0
67 silly fetch manifest safe-buffer@5.1.2
68 silly fetch manifest ms@2.0.0
69 http fetch GET 200 https://registry.npmjs.org/safe-buffer 52ms (cache miss)
70 http fetch GET 200 https://registry.npmjs.org/ms 53ms (cache miss)
71 timing idealTree:node_modules/morgan Completed in 59ms
72 silly placeDep ROOT safe-buffer@5.1.2 OK for: basic-auth@2.0.1 want: 5.1.2
73 timing idealTree:node_modules/basic-auth Completed in 3ms
74 timing idealTree:node_modules/on-headers Completed in 0ms
75 timing idealTree:node_modules/safe-buffer Completed in 0ms
76 silly placeDep node_modules/morgan ms@2.0.0 OK for: debug@2.6.9 want: 2.0.0
77 timing idealTree:node_modules/morgan/node_modules/debug Completed in 2ms
78 timing idealTree:node_modules/morgan/node_modules/ms Completed in 0ms
79 timing idealTree:buildDeps Completed in 405ms
80 timing idealTree:fixDepFlags Completed in 2ms
81 timing idealTree Completed in 550ms
82 timing reify:loadTrees Completed in 551ms
83 timing reify:diffTrees Completed in 3ms
84 silly reify moves {}
85 timing reify:retireShallow Completed in 1ms
86 timing reify:createSparse Completed in 2ms
87 timing reify:loadBundles Completed in 0ms
88 silly audit bulk request {
88 silly audit   accepts: [ '2.0.0' ],
88 silly audit   anymatch: [ '3.1.3' ],
88 silly audit   'balanced-match': [ '4.0.4' ],
88 silly audit   'binary-extensions': [ '2.3.0' ],
88 silly audit   'body-parser': [ '2.3.0' ],
88 silly audit   'content-type': [ '2.0.0', '1.0.5' ],
88 silly audit   'brace-expansion': [ '5.0.7' ],
88 silly audit   braces: [ '3.0.3' ],
88 silly audit   bytes: [ '3.1.2' ],
88 silly audit   'call-bind-apply-helpers': [ '1.0.2' ],
88 silly audit   'call-bound': [ '1.0.4' ],
88 silly audit   chokidar: [ '3.6.0' ],
88 silly audit   'content-disposition': [ '1.1.0' ],
88 silly audit   cookie: [ '0.7.2' ],
88 silly audit   'cookie-signature': [ '1.2.2' ],
88 silly audit   debug: [ '4.4.3', '2.6.9' ],
88 silly audit   depd: [ '2.0.0' ],
88 silly audit   'dunder-proto': [ '1.0.1' ],
88 silly audit   'ee-first': [ '1.1.1' ],
88 silly audit   encodeurl: [ '2.0.0' ],
88 silly audit   'es-define-property': [ '1.0.1' ],
88 silly audit   'es-errors': [ '1.3.0' ],
88 silly audit   'es-object-atoms': [ '1.1.2' ],
88 silly audit   'escape-html': [ '1.0.3' ],
88 silly audit   etag: [ '1.8.1' ],
88 silly audit   'fill-range': [ '7.1.1' ],
88 silly audit   finalhandler: [ '2.1.1' ],
88 silly audit   forwarded: [ '0.2.0' ],
88 silly audit   fresh: [ '2.0.0' ],
88 silly audit   'function-bind': [ '1.1.2' ],
88 silly audit   'get-intrinsic': [ '1.3.0' ],
88 silly audit   'get-proto': [ '1.0.1' ],
88 silly audit   'glob-parent': [ '5.1.2' ],
88 silly audit   gopd: [ '1.2.0' ],
88 silly audit   'has-flag': [ '3.0.0' ],
88 silly audit   'has-symbols': [ '1.1.0' ],
88 silly audit   hasown: [ '2.0.4' ],
88 silly audit   'http-errors': [ '2.0.1' ],
88 silly audit   'iconv-lite': [ '0.7.3' ],
88 silly audit   'ignore-by-default': [ '1.0.1' ],
88 silly audit   inherits: [ '2.0.4' ],
88 silly audit   'ipaddr.js': [ '1.9.1' ],
88 silly audit   'is-binary-path': [ '2.1.0' ],
88 silly audit   'is-extglob': [ '2.1.1' ],
88 silly audit   'is-glob': [ '4.0.3' ],
88 silly audit   'is-number': [ '7.0.0' ],
88 silly audit   'is-promise': [ '4.0.0' ],
88 silly audit   'math-intrinsics': [ '1.1.0' ],
88 silly audit   'media-typer': [ '1.1.0' ],
88 silly audit   'merge-descriptors': [ '2.0.0' ],
88 silly audit   'mime-db': [ '1.54.0' ],
88 silly audit   'mime-types': [ '3.0.2' ],
88 silly audit   minimatch: [ '10.2.5' ],
88 silly audit   ms: [ '2.1.3', '2.0.0' ],
88 silly audit   negotiator: [ '1.0.0' ],
88 silly audit   nodemon: [ '3.1.14' ],
88 silly audit   'normalize-path': [ '3.0.0' ],
88 silly audit   'object-assign': [ '4.1.1' ],
88 silly audit   'object-inspect': [ '1.13.4' ],
88 silly audit   'on-finished': [ '2.4.1' ],
88 silly audit   once: [ '1.4.0' ],
88 silly audit   parseurl: [ '1.3.3' ],
88 silly audit   'path-to-regexp': [ '8.4.2' ],
88 silly audit   picomatch: [ '2.3.2' ],
88 silly audit   'proxy-addr': [ '2.0.7' ],
88 silly audit   'pstree.remy': [ '1.1.8' ],
88 silly audit   qs: [ '6.15.3' ],
88 silly audit   'range-parser': [ '1.3.0' ],
88 silly audit   'raw-body': [ '3.0.2' ],
88 silly audit   readdirp: [ '3.6.0' ],
88 silly audit   router: [ '2.2.0' ],
88 silly audit   'safer-buffer': [ '2.1.2' ],
88 silly audit   semver: [ '7.8.5' ],
88 silly audit   send: [ '1.2.1' ],
88 silly audit   'serve-static': [ '2.2.1' ],
88 silly audit   setprototypeof: [ '1.2.0' ],
88 silly audit   'side-channel': [ '1.1.1' ],
88 silly audit   'side-channel-list': [ '1.0.1' ],
88 silly audit   'side-channel-map': [ '1.0.1' ],
88 silly audit   'side-channel-weakmap': [ '1.0.2' ],
88 silly audit   'simple-update-notifier': [ '2.0.0' ],
88 silly audit   statuses: [ '2.0.2' ],
88 silly audit   'supports-color': [ '5.5.0' ],
88 silly audit   'to-regex-range': [ '5.0.1' ],
88 silly audit   toidentifier: [ '1.0.1' ],
88 silly audit   touch: [ '3.1.1' ],
88 silly audit   'type-is': [ '2.1.0' ],
88 silly audit   undefsafe: [ '2.0.5' ],
88 silly audit   unpipe: [ '1.0.0' ],
88 silly audit   vary: [ '1.1.2' ],
88 silly audit   wrappy: [ '1.0.2' ],
88 silly audit   cors: [ '2.8.6' ],
88 silly audit   dotenv: [ '17.4.2' ],
88 silly audit   express: [ '5.2.1' ],
88 silly audit   helmet: [ '8.3.0' ],
88 silly audit   morgan: [ '1.11.0' ],
88 silly audit   'basic-auth': [ '2.0.1' ],
88 silly audit   'on-headers': [ '1.1.0' ],
88 silly audit   'safe-buffer': [ '5.1.2' ]
88 silly audit }
89 silly tarball no local data for safe-buffer@https://registry.npmjs.org/safe-buffer/-/safe-buffer-5.1.2.tgz. Extracting by manifest.
90 silly tarball no local data for on-headers@https://registry.npmjs.org/on-headers/-/on-headers-1.1.0.tgz. Extracting by manifest.
91 silly tarball no local data for basic-auth@https://registry.npmjs.org/basic-auth/-/basic-auth-2.0.1.tgz. Extracting by manifest.
92 silly tarball no local data for morgan@https://registry.npmjs.org/morgan/-/morgan-1.11.0.tgz. Extracting by manifest.
93 silly tarball no local data for helmet@https://registry.npmjs.org/helmet/-/helmet-8.3.0.tgz. Extracting by manifest.
94 silly tarball no local data for ms@https://registry.npmjs.org/ms/-/ms-2.0.0.tgz. Extracting by manifest.
95 silly tarball no local data for debug@https://registry.npmjs.org/debug/-/debug-2.6.9.tgz. Extracting by manifest.
96 http fetch GET 200 https://registry.npmjs.org/on-headers/-/on-headers-1.1.0.tgz 69ms (cache miss)
97 timing reifyNode:node_modules/on-headers Completed in 82ms
98 http fetch GET 200 https://registry.npmjs.org/basic-auth/-/basic-auth-2.0.1.tgz 76ms (cache miss)
99 timing reifyNode:node_modules/basic-auth Completed in 90ms
100 http fetch GET 200 https://registry.npmjs.org/ms/-/ms-2.0.0.tgz 77ms (cache miss)
101 timing reifyNode:node_modules/morgan/node_modules/ms Completed in 93ms
102 http fetch GET 200 https://registry.npmjs.org/safe-buffer/-/safe-buffer-5.1.2.tgz 84ms (cache miss)
103 timing reifyNode:node_modules/safe-buffer Completed in 96ms
104 http fetch GET 200 https://registry.npmjs.org/morgan/-/morgan-1.11.0.tgz 81ms (cache miss)
105 timing reifyNode:node_modules/morgan Completed in 97ms
106 http fetch POST 200 https://registry.npmjs.org/-/npm/v1/security/advisories/bulk 105ms
107 timing auditReport:getReport Completed in 109ms
108 silly audit report {}
109 timing auditReport:init Completed in 0ms
110 timing reify:audit Completed in 110ms
111 http fetch GET 200 https://registry.npmjs.org/debug/-/debug-2.6.9.tgz 92ms (cache miss)
112 timing reifyNode:node_modules/morgan/node_modules/debug Completed in 108ms
113 http fetch GET 200 https://registry.npmjs.org/helmet/-/helmet-8.3.0.tgz 94ms (cache miss)
114 timing reifyNode:node_modules/helmet Completed in 109ms
115 timing reify:unpack Completed in 110ms
116 timing reify:unretire Completed in 0ms
117 timing build:queue Completed in 0ms
118 timing build:deps Completed in 2ms
119 timing build Completed in 2ms
120 timing reify:build Completed in 3ms
121 timing reify:trash Completed in 0ms
122 timing command:install Completed in 764ms
123 verbose stack Error: EACCES: permission denied, open '/home/ubuntu/backend/package-lock.json'
123 verbose stack     at async open (node:internal/fs/promises:636:25)
123 verbose stack     at async writeFile (node:internal/fs/promises:1205:14)
123 verbose stack     at async Promise.all (index 0)
123 verbose stack     at async Promise.all (index 0)
123 verbose stack     at async [saveIdealTree] (/usr/share/nodejs/@npmcli/arborist/lib/arborist/reify.js:1428:5)
123 verbose stack     at async Arborist.reify (/usr/share/nodejs/@npmcli/arborist/lib/arborist/reify.js:159:5)
123 verbose stack     at async Install.exec (/usr/share/nodejs/npm/lib/commands/install.js:146:5)
123 verbose stack     at async module.exports (/usr/share/nodejs/npm/lib/cli.js:133:5)
124 verbose cwd /home/ubuntu/backend
125 verbose Linux 7.0.0-1008-aws
126 verbose node v22.22.1
127 verbose npm  v9.2.0
128 error code EACCES
129 error syscall open
130 error path /home/ubuntu/backend/package-lock.json
131 error errno -13
132 error Error: EACCES: permission denied, open '/home/ubuntu/backend/package-lock.json'
132 error     at async open (node:internal/fs/promises:636:25)
132 error     at async writeFile (node:internal/fs/promises:1205:14)
132 error     at async Promise.all (index 0)
132 error     at async Promise.all (index 0)
132 error     at async [saveIdealTree] (/usr/share/nodejs/@npmcli/arborist/lib/arborist/reify.js:1428:5)
132 error     at async Arborist.reify (/usr/share/nodejs/@npmcli/arborist/lib/arborist/reify.js:159:5)
132 error     at async Install.exec (/usr/share/nodejs/npm/lib/commands/install.js:146:5)
132 error     at async module.exports (/usr/share/nodejs/npm/lib/cli.js:133:5) {
132 error   errno: -13,
132 error   code: 'EACCES',
132 error   syscall: 'open',
132 error   path: '/home/ubuntu/backend/package-lock.json'
132 error }
133 error
133 error The operation was rejected by your operating system.
133 error It is likely you do not have the permissions to access this file as the current user
133 error
133 error If you believe this might be a permissions issue, please double-check the
133 error permissions of the file and its containing directories, or try running
133 error the command again as root/Administrator.
134 verbose exit -13
135 timing npm Completed in 831ms
136 verbose unfinished npm timer reify 1784716164854
137 verbose unfinished npm timer reify:save 1784716165535
138 verbose code -13
139 error A complete log of this run can be found in:
139 error     /home/ubuntu/.npm/_logs/2026-07-22T10_29_24_789Z-debug-0.log
